android/app/build/intermediates/manifest_merge_blame_file/release/manifest-merger-blame-release-report.txt
1<?xml version="1.0" encoding="utf-8"?>
2<manifest xmlns:android="http://schemas.android.com/apk/res/android"
3    package="com.ahmetyagbasan.hediyeci"
4    android:versionCode="1"
5    android:versionName="1.0" >
6
7    <uses-sdk
8        android:minSdkVersion="19"
8-->src/main/AndroidManifest.xml
9        android:targetSdkVersion="26" />
9-->src/main/AndroidManifest.xml
10
11    <uses-permission android:name="android.permission.INTERNET" />
11-->src/main/AndroidManifest.xml:3:5-67
11-->src/main/AndroidManifest.xml:3:22-64
12    <uses-permission android:name="android.permission.WRITE_EXTERNAL_STORAGE" />
12-->src/main/AndroidManifest.xml:4:5-81
12-->src/main/AndroidManifest.xml:4:22-78
13    <uses-permission android:name="android.permission.READ_EXTERNAL_STORAGE" />
13-->src/main/AndroidManifest.xml:5:5-80
13-->src/main/AndroidManifest.xml:5:22-77
14    <uses-permission android:name="android.permission.SYSTEM_ALERT_WINDOW" />
14-->[com.facebook.react:react-native:0.55.4] AndroidManifest.xml:11:5-78
14-->[com.facebook.react:react-native:0.55.4] AndroidManifest.xml:11:22-75
15    <uses-permission android:name="android.permission.READ_PHONE_STATE" />
16
17    <application
17-->src/main/AndroidManifest.xml:7:5-25:19
18        android:name="com.ahmetyagbasan.hediyeci.MainApplication"
18-->src/main/AndroidManifest.xml:9:7-38
19        android:allowBackup="false"
19-->src/main/AndroidManifest.xml:12:7-34
20        android:icon="@mipmap/ic_launcher"
20-->src/main/AndroidManifest.xml:11:7-41
21        android:label="@string/app_name"
21-->src/main/AndroidManifest.xml:10:7-39
22        android:theme="@style/AppTheme"
22-->src/main/AndroidManifest.xml:13:7-38
23        android:usesCleartextTraffic="true" >
23-->src/main/AndroidManifest.xml:8:7-42
24        <activity
24-->src/main/AndroidManifest.xml:14:7-23:18
25            android:name="com.ahmetyagbasan.hediyeci.MainActivity"
25-->src/main/AndroidManifest.xml:15:9-37
26            android:configChanges="keyboard|keyboardHidden|orientation|screenSize"
26-->src/main/AndroidManifest.xml:17:9-79
27            android:label="@string/app_name"
27-->src/main/AndroidManifest.xml:16:9-41
28            android:windowSoftInputMode="adjustResize" >
28-->src/main/AndroidManifest.xml:18:9-51
29            <intent-filter>
29-->src/main/AndroidManifest.xml:19:9-22:25
30                <action android:name="android.intent.action.MAIN" />
30-->src/main/AndroidManifest.xml:20:13-65
30-->src/main/AndroidManifest.xml:20:21-62
31
32                <category android:name="android.intent.category.LAUNCHER" />
32-->src/main/AndroidManifest.xml:21:13-73
32-->src/main/AndroidManifest.xml:21:23-70
33            </intent-filter>
34        </activity>
35        <activity android:name="com.facebook.react.devsupport.DevSettingsActivity" />
35-->src/main/AndroidManifest.xml:24:7-84
35-->src/main/AndroidManifest.xml:24:17-81
36
37        <meta-data
37-->[com.android.support:appcompat-v7:26.1.0] AndroidManifest.xml:26:9-28:38
38            android:name="android.support.VERSION"
38-->[com.android.support:appcompat-v7:26.1.0] AndroidManifest.xml:27:13-51
39            android:value="26.1.0" />
39-->[com.android.support:appcompat-v7:26.1.0] AndroidManifest.xml:28:13-35
40        <meta-data
40-->[android.arch.lifecycle:runtime:1.0.0] AndroidManifest.xml:25:9-27:47
41            android:name="android.arch.lifecycle.VERSION"
41-->[android.arch.lifecycle:runtime:1.0.0] AndroidManifest.xml:26:13-58
42            android:value="27.0.0-SNAPSHOT" />
42-->[android.arch.lifecycle:runtime:1.0.0] AndroidManifest.xml:27:13-44
43    </application>
44
45</manifest>